<?xml version="1.0" encoding="UTF-8"?>
<!-- Generated by org.testng.reporters.JUnitXMLReporter -->
<testsuite hostname="DESKTOP-RJFNSI8" ignored="0" name="ClickLogin" tests="1" failures="0" timestamp="2020-03-02T04:53:48 EST" time="0.152" errors="0">
  <testcase name="@BeforeTest initilise" time="0.091" classname="umang.Homepage">
    <failure type="java.lang.IllegalStateException" message="The driver executable does not exist: C:\UMANGWEB\Lib\chromedriver.exe">
      <![CDATA[java.lang.IllegalStateException: The driver executable does not exist: C:\UMANGWEB\Lib\chromedriver.exe
at com.google.common.base.Preconditions.checkState(Preconditions.java:585)
at org.openqa.selenium.remote.service.DriverService.checkExecutable(DriverService.java:146)
at org.openqa.selenium.remote.service.DriverService.findExecutable(DriverService.java:141)
at org.openqa.selenium.chrome.ChromeDriverService.access$000(ChromeDriverService.java:35)
at org.openqa.selenium.chrome.ChromeDriverService$Builder.findDefaultExecutable(ChromeDriverService.java:159)
at org.openqa.selenium.remote.service.DriverService$Builder.build(DriverService.java:355)
at org.openqa.selenium.chrome.ChromeDriverService.createDefaultService(ChromeDriverService.java:94)
at org.openqa.selenium.chrome.ChromeDriver.<init>(ChromeDriver.java:123)
at resources.Base.initialisedriver(Base.java:34)
at umang.Homepage.initilise(Homepage.java:18)
... Removed 24 stack frames]]>
    </failure>
  </testcase> <!-- @BeforeTest initilise -->
  <testcase name="basePageNavigation" time="0.0" classname="umang.Homepage">
    <skipped/>
  </testcase> <!-- basePageNavigation -->
</testsuite> <!-- ClickLogin -->
